# JRE version: Java(TM) SE Runtime Environment (8.0-b106) (build 1.8.0-ea-b106)
# Java VM: Java HotSpot(TM) 64-Bit Server VM (25.0-b48 mixed mode windows-amd64 compressed oops)
Heap:
 PSYoungGen      total 129536K, used 96754K [0x00000000eb000000, 0x00000000f8500000, 0x0000000100000000)
  eden space 73216K, 55% used [0x00000000eb000000,0x00000000ed782728,0x00000000ef780000)
  from space 56320K, 99% used [0x00000000ef780000,0x00000000f2e7a2e8,0x00000000f2e80000)
  to   space 66560K, 0% used [0x00000000f4400000,0x00000000f4400000,0x00000000f8500000)
 ParOldGen       total 165888K, used 91573K [0x00000000c1000000, 0x00000000cb200000, 0x00000000eb000000)
  object space 165888K, 55% used [0x00000000c1000000,0x00000000c696d648,0x00000000cb200000)
 Metaspace total 27768K, used 27312K, reserved 134400K
  data space     24061K, used 23735K, reserved 3328K
  class space    3707K, used 3577K, reserved 131072K
GC Heap History (10 events):
Event: 28.075 GC heap before
{Heap before GC invocations=14 (full 3):
 PSYoungGen      total 94720K, used 69120K [0x00000000eb000000, 0x00000000f6500000, 0x0000000100000000)
  eden space 69120K, 100% used [0x00000000eb000000,0x00000000ef380000,0x00000000ef380000)
  from space 25600K, 0% used [0x00000000f1e80000,0x00000000f1e80000,0x00000000f3780000)
  to   space 44032K, 0% used [0x00000000ef380000,0x00000000ef380000,0x00000000f1e80000)
 ParOldGen       total 165888K, used 78899K [0x00000000c1000000, 0x00000000cb200000, 0x00000000eb000000)
  object space 165888K, 47% used [0x00000000c1000000,0x00000000c5d0cf70,0x00000000cb200000)
 Metaspace total 27768K, used 27256K, reserved 134400K
  data space     24061K, used 23679K, reserved 3328K
  class space    3707K, used 3577K, reserved 131072K
Event: 28.087 GC heap after
Heap after GC invocations=14 (full 3):
 PSYoungGen      total 113152K, used 1024K [0x00000000eb000000, 0x00000000f5180000, 0x0000000100000000)
  eden space 69120K, 0% used [0x00000000eb000000,0x00000000eb000000,0x00000000ef380000)
  from space 44032K, 2% used [0x00000000ef380000,0x00000000ef480000,0x00000000f1e80000)
  to   space 43520K, 0% used [0x00000000f2700000,0x00000000f2700000,0x00000000f5180000)
 ParOldGen       total 165888K, used 78899K [0x00000000c1000000, 0x00000000cb200000, 0x00000000eb000000)
  object space 165888K, 47% used [0x00000000c1000000,0x00000000c5d0cf70,0x00000000cb200000)
 Metaspace total 27768K, used 27256K, reserved 134400K
  data space     24061K, used 23679K, reserved 3328K
  class space    3707K, used 3577K, reserved 131072K
}
Event: 33.046 GC heap before
{Heap before GC invocations=15 (full 3):
 PSYoungGen      total 113152K, used 70144K [0x00000000eb000000, 0x00000000f5180000, 0x0000000100000000)
  eden space 69120K, 100% used [0x00000000eb000000,0x00000000ef380000,0x00000000ef380000)
  from space 44032K, 2% used [0x00000000ef380000,0x00000000ef480000,0x00000000f1e80000)
  to   space 43520K, 0% used [0x00000000f2700000,0x00000000f2700000,0x00000000f5180000)
 ParOldGen       total 165888K, used 78899K [0x00000000c1000000, 0x00000000cb200000, 0x00000000eb000000)
  object space 165888K, 47% used [0x00000000c1000000,0x00000000c5d0cf70,0x00000000cb200000)
 Metaspace total 27768K, used 27266K, reserved 134400K
  data space     24061K, used 23689K, reserved 3328K
  class space    3707K, used 3577K, reserved 131072K
Event: 33.102 GC heap after
Heap after GC invocations=15 (full 3):
 PSYoungGen      total 114688K, used 41350K [0x00000000eb000000, 0x00000000f5f00000, 0x0000000100000000)
  eden space 71168K, 0% used [0x00000000eb000000,0x00000000eb000000,0x00000000ef580000)
  from space 43520K, 95% used [0x00000000f2700000,0x00000000f4f61be0,0x00000000f5180000)
  to   space 50688K, 0% used [0x00000000ef580000,0x00000000ef580000,0x00000000f2700000)
 ParOldGen       total 165888K, used 78899K [0x00000000c1000000, 0x00000000cb200000, 0x00000000eb000000)
  object space 165888K, 47% used [0x00000000c1000000,0x00000000c5d0cf70,0x00000000cb200000)
 Metaspace total 27768K, used 27266K, reserved 134400K
  data space     24061K, used 23689K, reserved 3328K
  class space    3707K, used 3577K, reserved 131072K
}
Event: 41.052 GC heap before
{Heap before GC invocations=16 (full 3):
 PSYoungGen      total 114688K, used 112518K [0x00000000eb000000, 0x00000000f5f00000, 0x0000000100000000)
  eden space 71168K, 100% used [0x00000000eb000000,0x00000000ef580000,0x00000000ef580000)
  from space 43520K, 95% used [0x00000000f2700000,0x00000000f4f61be0,0x00000000f5180000)
  to   space 50688K, 0% used [0x00000000ef580000,0x00000000ef580000,0x00000000f2700000)
 ParOldGen       total 165888K, used 78899K [0x00000000c1000000, 0x00000000cb200000, 0x00000000eb000000)
  object space 165888K, 47% used [0x00000000c1000000,0x00000000c5d0cf70,0x00000000cb200000)
 Metaspace total 27768K, used 27267K, reserved 134400K
  data space     24061K, used 23690K, reserved 3328K
  class space    3707K, used 3577K, reserved 131072K
Event: 41.092 GC heap after
Heap after GC invocations=16 (full 3):
 PSYoungGen      total 121856K, used 24996K [0x00000000eb000000, 0x00000000f5f80000, 0x0000000100000000)
  eden space 71168K, 0% used [0x00000000eb000000,0x00000000eb000000,0x00000000ef580000)
  from space 50688K, 49% used [0x00000000ef580000,0x00000000f0de9300,0x00000000f2700000)
  to   space 50176K, 0% used [0x00000000f2e80000,0x00000000f2e80000,0x00000000f5f80000)
 ParOldGen       total 165888K, used 78899K [0x00000000c1000000, 0x00000000cb200000, 0x00000000eb000000)
  object space 165888K, 47% used [0x00000000c1000000,0x00000000c5d0cf70,0x00000000cb200000)
 Metaspace total 27768K, used 27267K, reserved 134400K
  data space     24061K, used 23690K, reserved 3328K
  class space    3707K, used 3577K, reserved 131072K
}
Event: 46.530 GC heap before
{Heap before GC invocations=17 (full 3):
 PSYoungGen      total 121856K, used 96164K [0x00000000eb000000, 0x00000000f5f80000, 0x0000000100000000)
  eden space 71168K, 100% used [0x00000000eb000000,0x00000000ef580000,0x00000000ef580000)
  from space 50688K, 49% used [0x00000000ef580000,0x00000000f0de9300,0x00000000f2700000)
  to   space 50176K, 0% used [0x00000000f2e80000,0x00000000f2e80000,0x00000000f5f80000)
 ParOldGen       total 165888K, used 78899K [0x00000000c1000000, 0x00000000cb200000, 0x00000000eb000000)
  object space 165888K, 47% used [0x00000000c1000000,0x00000000c5d0cf70,0x00000000cb200000)
 Metaspace total 27768K, used 27269K, reserved 134400K
  data space     24061K, used 23692K, reserved 3328K
  class space    3707K, used 3577K, reserved 131072K
Event: 46.586 GC heap after
Heap after GC invocations=17 (full 3):
 PSYoungGen      total 123392K, used 43100K [0x00000000eb000000, 0x00000000f6b00000, 0x0000000100000000)
  eden space 73216K, 0% used [0x00000000eb000000,0x00000000eb000000,0x00000000ef780000)
  from space 50176K, 85% used [0x00000000f2e80000,0x00000000f5897208,0x00000000f5f80000)
  to   space 56320K, 0% used [0x00000000ef780000,0x00000000ef780000,0x00000000f2e80000)
 ParOldGen       total 165888K, used 78907K [0x00000000c1000000, 0x00000000cb200000, 0x00000000eb000000)
  object space 165888K, 47% used [0x00000000c1000000,0x00000000c5d0ef70,0x00000000cb200000)
 Metaspace total 27768K, used 27269K, reserved 134400K
  data space     24061K, used 23692K, reserved 3328K
  class space    3707K, used 3577K, reserved 131072K
}
Event: 48.524 GC heap before
{Heap before GC invocations=18 (full 3):
 PSYoungGen      total 123392K, used 116316K [0x00000000eb000000, 0x00000000f6b00000, 0x0000000100000000)
  eden space 73216K, 100% used [0x00000000eb000000,0x00000000ef780000,0x00000000ef780000)
  from space 50176K, 85% used [0x00000000f2e80000,0x00000000f5897208,0x00000000f5f80000)
  to   space 56320K, 0% used [0x00000000ef780000,0x00000000ef780000,0x00000000f2e80000)
 ParOldGen       total 165888K, used 90882K [0x00000000c1000000, 0x00000000cb200000, 0x00000000eb000000)
  object space 165888K, 54% used [0x00000000c1000000,0x00000000c68c0af0,0x00000000cb200000)
 Metaspace total 27768K, used 27289K, reserved 134400K
  data space     24061K, used 23712K, reserved 3328K
  class space    3707K, used 3577K, reserved 131072K
Event: 48.601 GC heap after
Heap after GC invocations=18 (full 3):
 PSYoungGen      total 129536K, used 56296K [0x00000000eb000000, 0x00000000f8500000, 0x0000000100000000)
  eden space 73216K, 0% used [0x00000000eb000000,0x00000000eb000000,0x00000000ef780000)
  from space 56320K, 99% used [0x00000000ef780000,0x00000000f2e7a2e8,0x00000000f2e80000)
  to   space 66560K, 0% used [0x00000000f4400000,0x00000000f4400000,0x00000000f8500000)
 ParOldGen       total 165888K, used 91573K [0x00000000c1000000, 0x00000000cb200000, 0x00000000eb000000)
  object space 165888K, 55% used [0x00000000c1000000,0x00000000c696d648,0x00000000cb200000)
 Metaspace total 27768K, used 27289K, reserved 134400K
  data space     24061K, used 23712K, reserved 3328K
  class space    3707K, used 3577K, reserved 131072K
}

